# JRE version: Java(TM) SE Runtime Environment (8.0_31-b13) (build 1.8.0_31-b13)
# Java VM: Java HotSpot(TM) 64-Bit Server VM (25.31-b07 mixed mode linux-amd64 compressed oops)
Heap:
 PSYoungGen      total 212480K, used 52135K [0x00000000eab00000, 0x00000000fb900000, 0x0000000100000000)
  eden space 156160K, 0% used [0x00000000eab00000,0x00000000eab00000,0x00000000f4380000)
  from space 56320K, 92% used [0x00000000f4380000,0x00000000f7669f40,0x00000000f7a80000)
  to   space 49664K, 0% used [0x00000000f7a80000,0x00000000f7a80000,0x00000000fab00000)
 ParOldGen       total 114176K, used 69007K [0x00000000c0000000, 0x00000000c6f80000, 0x00000000eab00000)
  object space 114176K, 60% used [0x00000000c0000000,0x00000000c4363d90,0x00000000c6f80000)
 Metaspace       used 5637K, capacity 6896K, committed 7040K, reserved 1056768K
  class space    used 545K, capacity 616K, committed 640K, reserved 1048576K
GC Heap History (10 events):
Event: 27.394 GC heap after
Heap after GC invocations=9 (full 2):
 PSYoungGen      total 74752K, used 0K [0x00000000eab00000, 0x00000000f5300000, 0x0000000100000000)
  eden space 57344K, 0% used [0x00000000eab00000,0x00000000eab00000,0x00000000ee300000)
  from space 17408K, 0% used [0x00000000ee300000,0x00000000ee300000,0x00000000ef400000)
  to   space 33792K, 0% used [0x00000000f3200000,0x00000000f3200000,0x00000000f5300000)
 ParOldGen       total 87552K, used 41487K [0x00000000c0000000, 0x00000000c5580000, 0x00000000eab00000)
  object space 87552K, 47% used [0x00000000c0000000,0x00000000c2883f98,0x00000000c5580000)
 Metaspace       used 5505K, capacity 6768K, committed 7040K, reserved 1056768K
  class space    used 544K, capacity 616K, committed 640K, reserved 1048576K
}
Event: 27.732 GC heap before
{Heap before GC invocations=10 (full 2):
 PSYoungGen      total 74752K, used 57344K [0x00000000eab00000, 0x00000000f5300000, 0x0000000100000000)
  eden space 57344K, 100% used [0x00000000eab00000,0x00000000ee300000,0x00000000ee300000)
  from space 17408K, 0% used [0x00000000ee300000,0x00000000ee300000,0x00000000ef400000)
  to   space 33792K, 0% used [0x00000000f3200000,0x00000000f3200000,0x00000000f5300000)
 ParOldGen       total 87552K, used 41487K [0x00000000c0000000, 0x00000000c5580000, 0x00000000eab00000)
  object space 87552K, 47% used [0x00000000c0000000,0x00000000c2883f98,0x00000000c5580000)
 Metaspace       used 5521K, capacity 6832K, committed 7040K, reserved 1056768K
  class space    used 544K, capacity 616K, committed 640K, reserved 1048576K
Event: 29.156 GC heap after
Heap after GC invocations=10 (full 2):
 PSYoungGen      total 139776K, used 11854K [0x00000000eab00000, 0x00000000f5400000, 0x0000000100000000)
  eden space 105984K, 0% used [0x00000000eab00000,0x00000000eab00000,0x00000000f1280000)
  from space 33792K, 35% used [0x00000000f3200000,0x00000000f3d938c0,0x00000000f5300000)
  to   space 32256K, 0% used [0x00000000f1280000,0x00000000f1280000,0x00000000f3200000)
 ParOldGen       total 87552K, used 41487K [0x00000000c0000000, 0x00000000c5580000, 0x00000000eab00000)
  object space 87552K, 47% used [0x00000000c0000000,0x00000000c2883f98,0x00000000c5580000)
 Metaspace       used 5521K, capacity 6832K, committed 7040K, reserved 1056768K
  class space    used 544K, capacity 616K, committed 640K, reserved 1048576K
}
Event: 30.195 GC heap before
{Heap before GC invocations=11 (full 2):
 PSYoungGen      total 139776K, used 117838K [0x00000000eab00000, 0x00000000f5400000, 0x0000000100000000)
  eden space 105984K, 100% used [0x00000000eab00000,0x00000000f1280000,0x00000000f1280000)
  from space 33792K, 35% used [0x00000000f3200000,0x00000000f3d938c0,0x00000000f5300000)
  to   space 32256K, 0% used [0x00000000f1280000,0x00000000f1280000,0x00000000f3200000)
 ParOldGen       total 87552K, used 41487K [0x00000000c0000000, 0x00000000c5580000, 0x00000000eab00000)
  object space 87552K, 47% used [0x00000000c0000000,0x00000000c2883f98,0x00000000c5580000)
 Metaspace       used 5578K, capacity 6832K, committed 7040K, reserved 1056768K
  class space    used 544K, capacity 616K, committed 640K, reserved 1048576K
Event: 30.494 GC heap after
Heap after GC invocations=11 (full 2):
 PSYoungGen      total 138240K, used 32235K [0x00000000eab00000, 0x00000000fab00000, 0x0000000100000000)
  eden space 105984K, 0% used [0x00000000eab00000,0x00000000eab00000,0x00000000f1280000)
  from space 32256K, 99% used [0x00000000f1280000,0x00000000f31fadb8,0x00000000f3200000)
  to   space 49664K, 0% used [0x00000000f7a80000,0x00000000f7a80000,0x00000000fab00000)
 ParOldGen       total 87552K, used 71398K [0x00000000c0000000, 0x00000000c5580000, 0x00000000eab00000)
  object space 87552K, 81% used [0x00000000c0000000,0x00000000c45b9a30,0x00000000c5580000)
 Metaspace       used 5578K, capacity 6832K, committed 7040K, reserved 1056768K
  class space    used 544K, capacity 616K, committed 640K, reserved 1048576K
}
Event: 30.494 GC heap before
{Heap before GC invocations=12 (full 3):
 PSYoungGen      total 138240K, used 32235K [0x00000000eab00000, 0x00000000fab00000, 0x0000000100000000)
  eden space 105984K, 0% used [0x00000000eab00000,0x00000000eab00000,0x00000000f1280000)
  from space 32256K, 99% used [0x00000000f1280000,0x00000000f31fadb8,0x00000000f3200000)
  to   space 49664K, 0% used [0x00000000f7a80000,0x00000000f7a80000,0x00000000fab00000)
 ParOldGen       total 87552K, used 71398K [0x00000000c0000000, 0x00000000c5580000, 0x00000000eab00000)
  object space 87552K, 81% used [0x00000000c0000000,0x00000000c45b9a30,0x00000000c5580000)
 Metaspace       used 5578K, capacity 6832K, committed 7040K, reserved 1056768K
  class space    used 544K, capacity 616K, committed 640K, reserved 1048576K
Event: 30.667 GC heap after
Heap after GC invocations=12 (full 3):
 PSYoungGen      total 138240K, used 0K [0x00000000eab00000, 0x00000000fab00000, 0x0000000100000000)
  eden space 105984K, 0% used [0x00000000eab00000,0x00000000eab00000,0x00000000f1280000)
  from space 32256K, 0% used [0x00000000f1280000,0x00000000f1280000,0x00000000f3200000)
  to   space 49664K, 0% used [0x00000000f7a80000,0x00000000f7a80000,0x00000000fab00000)
 ParOldGen       total 114176K, used 60125K [0x00000000c0000000, 0x00000000c6f80000, 0x00000000eab00000)
  object space 114176K, 52% used [0x00000000c0000000,0x00000000c3ab7590,0x00000000c6f80000)
 Metaspace       used 5578K, capacity 6832K, committed 7040K, reserved 1056768K
  class space    used 544K, capacity 616K, committed 640K, reserved 1048576K
}
Event: 31.122 GC heap before
{Heap before GC invocations=13 (full 3):
 PSYoungGen      total 138240K, used 105984K [0x00000000eab00000, 0x00000000fab00000, 0x0000000100000000)
  eden space 105984K, 100% used [0x00000000eab00000,0x00000000f1280000,0x00000000f1280000)
  from space 32256K, 0% used [0x00000000f1280000,0x00000000f1280000,0x00000000f3200000)
  to   space 49664K, 0% used [0x00000000f7a80000,0x00000000f7a80000,0x00000000fab00000)
 ParOldGen       total 114176K, used 60125K [0x00000000c0000000, 0x00000000c6f80000, 0x00000000eab00000)
  object space 114176K, 52% used [0x00000000c0000000,0x00000000c3ab7590,0x00000000c6f80000)
 Metaspace       used 5634K, capacity 6896K, committed 7040K, reserved 1056768K
  class space    used 545K, capacity 616K, committed 640K, reserved 1048576K
Event: 32.422 GC heap after
Heap after GC invocations=13 (full 3):
 PSYoungGen      total 205824K, used 46634K [0x00000000eab00000, 0x00000000fb900000, 0x0000000100000000)
  eden space 156160K, 0% used [0x00000000eab00000,0x00000000eab00000,0x00000000f4380000)
  from space 49664K, 93% used [0x00000000f7a80000,0x00000000fa80a948,0x00000000fab00000)
  to   space 56320K, 0% used [0x00000000f4380000,0x00000000f4380000,0x00000000f7a80000)
 ParOldGen       total 114176K, used 60125K [0x00000000c0000000, 0x00000000c6f80000, 0x00000000eab00000)
  object space 114176K, 52% used [0x00000000c0000000,0x00000000c3ab7590,0x00000000c6f80000)
 Metaspace       used 5634K, capacity 6896K, committed 7040K, reserved 1056768K
  class space    used 545K, capacity 616K, committed 640K, reserved 1048576K
}
Event: 33.641 GC heap before
{Heap before GC invocations=14 (full 3):
 PSYoungGen      total 205824K, used 202794K [0x00000000eab00000, 0x00000000fb900000, 0x0000000100000000)
  eden space 156160K, 100% used [0x00000000eab00000,0x00000000f4380000,0x00000000f4380000)
  from space 49664K, 93% used [0x00000000f7a80000,0x00000000fa80a948,0x00000000fab00000)
  to   space 56320K, 0% used [0x00000000f4380000,0x00000000f4380000,0x00000000f7a80000)
 ParOldGen       total 114176K, used 60125K [0x00000000c0000000, 0x00000000c6f80000, 0x00000000eab00000)
  object space 114176K, 52% used [0x00000000c0000000,0x00000000c3ab7590,0x00000000c6f80000)
 Metaspace       used 5637K, capacity 6896K, committed 7040K, reserved 1056768K
  class space    used 545K, capacity 616K, committed 640K, reserved 1048576K

